Initializing database at: B:\Projects\Portfolio\messages.db
Error initializing database: Could not locate the bindings file. Tried:
 → B:\Projects\Portfolio\node_modules\.pnpm\better-sqlite3@12.6.0\node_modules\better-sqlite3\build\better_sqlite3.node
 → B:\Projects\Portfolio\node_modules\.pnpm\better-sqlite3@12.6.0\node_modules\better-sqlite3\build\Debug\better_sqlite3.node
 → B:\Projects\Portfolio\node_modules\.pnpm\better-sqlite3@12.6.0\node_modules\better-sqlite3\build\Release\better_sqlite3.node
 → B:\Projects\Portfolio\node_modules\.pnpm\better-sqlite3@12.6.0\node_modules\better-sqlite3\out\Debug\better_sqlite3.node
 → B:\Projects\Portfolio\node_modules\.pnpm\better-sqlite3@12.6.0\node_modules\better-sqlite3\Debug\better_sqlite3.node
 → B:\Projects\Portfolio\node_modules\.pnpm\better-sqlite3@12.6.0\node_modules\better-sqlite3\out\Release\better_sqlite3.node
 → B:\Projects\Portfolio\node_modules\.pnpm\better-sqlite3@12.6.0\node_modules\better-sqlite3\Release\better_sqlite3.node
 → B:\Projects\Portfolio\node_modules\.pnpm\better-sqlite3@12.6.0\node_modules\better-sqlite3\build\default\better_sqlite3.node
 → B:\Projects\Portfolio\node_modules\.pnpm\better-sqlite3@12.6.0\node_modules\better-sqlite3\compiled\20.19.2\win32\x64\better_sqlite3.node
 → B:\Projects\Portfolio\node_modules\.pnpm\better-sqlite3@12.6.0\node_modules\better-sqlite3\addon-build\release\install-root\better_sqlite3.node
 → B:\Projects\Portfolio\node_modules\.pnpm\better-sqlite3@12.6.0\node_modules\better-sqlite3\addon-build\debug\install-root\better_sqlite3.node
 → B:\Projects\Portfolio\node_modules\.pnpm\better-sqlite3@12.6.0\node_modules\better-sqlite3\addon-build\default\install-root\better_sqlite3.node
 → B:\Projects\Portfolio\node_modules\.pnpm\better-sqlite3@12.6.0\node_modules\better-sqlite3\lib\binding\node-v115-win32-x64\better_sqlite3.node
Initializing database at: B:\Projects\Portfolio\messages.db
Error initializing database: Could not locate the bindings file. Tried:
 → B:\Projects\Portfolio\node_modules\.pnpm\better-sqlite3@12.6.0\node_modules\better-sqlite3\build\better_sqlite3.node
 → B:\Projects\Portfolio\node_modules\.pnpm\better-sqlite3@12.6.0\node_modules\better-sqlite3\build\Debug\better_sqlite3.node
 → B:\Projects\Portfolio\node_modules\.pnpm\better-sqlite3@12.6.0\node_modules\better-sqlite3\build\Release\better_sqlite3.node
 → B:\Projects\Portfolio\node_modules\.pnpm\better-sqlite3@12.6.0\node_modules\better-sqlite3\out\Debug\better_sqlite3.node
 → B:\Projects\Portfolio\node_modules\.pnpm\better-sqlite3@12.6.0\node_modules\better-sqlite3\Debug\better_sqlite3.node
 → B:\Projects\Portfolio\node_modules\.pnpm\better-sqlite3@12.6.0\node_modules\better-sqlite3\out\Release\better_sqlite3.node
 → B:\Projects\Portfolio\node_modules\.pnpm\better-sqlite3@12.6.0\node_modules\better-sqlite3\Release\better_sqlite3.node
 → B:\Projects\Portfolio\node_modules\.pnpm\better-sqlite3@12.6.0\node_modules\better-sqlite3\build\default\better_sqlite3.node
 → B:\Projects\Portfolio\node_modules\.pnpm\better-sqlite3@12.6.0\node_modules\better-sqlite3\compiled\20.19.2\win32\x64\better_sqlite3.node
 → B:\Projects\Portfolio\node_modules\.pnpm\better-sqlite3@12.6.0\node_modules\better-sqlite3\addon-build\release\install-root\better_sqlite3.node
 → B:\Projects\Portfolio\node_modules\.pnpm\better-sqlite3@12.6.0\node_modules\better-sqlite3\addon-build\debug\install-root\better_sqlite3.node
 → B:\Projects\Portfolio\node_modules\.pnpm\better-sqlite3@12.6.0\node_modules\better-sqlite3\addon-build\default\install-root\better_sqlite3.node
 → B:\Projects\Portfolio\node_modules\.pnpm\better-sqlite3@12.6.0\node_modules\better-sqlite3\lib\binding\node-v115-win32-x64\better_sqlite3.node
Initializing database at: B:\Projects\Portfolio\messages.db
Error initializing database: Could not locate the bindings file. Tried:
 → B:\Projects\Portfolio\node_modules\.pnpm\better-sqlite3@12.6.0\node_modules\better-sqlite3\build\better_sqlite3.node
 → B:\Projects\Portfolio\node_modules\.pnpm\better-sqlite3@12.6.0\node_modules\better-sqlite3\build\Debug\better_sqlite3.node
 → B:\Projects\Portfolio\node_modules\.pnpm\better-sqlite3@12.6.0\node_modules\better-sqlite3\build\Release\better_sqlite3.node
 → B:\Projects\Portfolio\node_modules\.pnpm\better-sqlite3@12.6.0\node_modules\better-sqlite3\out\Debug\better_sqlite3.node
 → B:\Projects\Portfolio\node_modules\.pnpm\better-sqlite3@12.6.0\node_modules\better-sqlite3\Debug\better_sqlite3.node
 → B:\Projects\Portfolio\node_modules\.pnpm\better-sqlite3@12.6.0\node_modules\better-sqlite3\out\Release\better_sqlite3.node
 → B:\Projects\Portfolio\node_modules\.pnpm\better-sqlite3@12.6.0\node_modules\better-sqlite3\Release\better_sqlite3.node
 → B:\Projects\Portfolio\node_modules\.pnpm\better-sqlite3@12.6.0\node_modules\better-sqlite3\build\default\better_sqlite3.node
 → B:\Projects\Portfolio\node_modules\.pnpm\better-sqlite3@12.6.0\node_modules\better-sqlite3\compiled\20.19.2\win32\x64\better_sqlite3.node
 → B:\Projects\Portfolio\node_modules\.pnpm\better-sqlite3@12.6.0\node_modules\better-sqlite3\addon-build\release\install-root\better_sqlite3.node
 → B:\Projects\Portfolio\node_modules\.pnpm\better-sqlite3@12.6.0\node_modules\better-sqlite3\addon-build\debug\install-root\better_sqlite3.node
 → B:\Projects\Portfolio\node_modules\.pnpm\better-sqlite3@12.6.0\node_modules\better-sqlite3\addon-build\default\install-root\better_sqlite3.node
 → B:\Projects\Portfolio\node_modules\.pnpm\better-sqlite3@12.6.0\node_modules\better-sqlite3\lib\binding\node-v115-win32-x64\better_sqlite3.node
Initializing database at: B:\Projects\Portfolio\messages.db
Error initializing database: Could not locate the bindings file. Tried:
 → B:\Projects\Portfolio\node_modules\.pnpm\better-sqlite3@12.6.0\node_modules\better-sqlite3\build\better_sqlite3.node
 → B:\Projects\Portfolio\node_modules\.pnpm\better-sqlite3@12.6.0\node_modules\better-sqlite3\build\Debug\better_sqlite3.node
 → B:\Projects\Portfolio\node_modules\.pnpm\better-sqlite3@12.6.0\node_modules\better-sqlite3\build\Release\better_sqlite3.node
 → B:\Projects\Portfolio\node_modules\.pnpm\better-sqlite3@12.6.0\node_modules\better-sqlite3\out\Debug\better_sqlite3.node
 → B:\Projects\Portfolio\node_modules\.pnpm\better-sqlite3@12.6.0\node_modules\better-sqlite3\Debug\better_sqlite3.node
 → B:\Projects\Portfolio\node_modules\.pnpm\better-sqlite3@12.6.0\node_modules\better-sqlite3\out\Release\better_sqlite3.node
 → B:\Projects\Portfolio\node_modules\.pnpm\better-sqlite3@12.6.0\node_modules\better-sqlite3\Release\better_sqlite3.node
 → B:\Projects\Portfolio\node_modules\.pnpm\better-sqlite3@12.6.0\node_modules\better-sqlite3\build\default\better_sqlite3.node
 → B:\Projects\Portfolio\node_modules\.pnpm\better-sqlite3@12.6.0\node_modules\better-sqlite3\compiled\20.19.2\win32\x64\better_sqlite3.node
 → B:\Projects\Portfolio\node_modules\.pnpm\better-sqlite3@12.6.0\node_modules\better-sqlite3\addon-build\release\install-root\better_sqlite3.node
 → B:\Projects\Portfolio\node_modules\.pnpm\better-sqlite3@12.6.0\node_modules\better-sqlite3\addon-build\debug\install-root\better_sqlite3.node
 → B:\Projects\Portfolio\node_modules\.pnpm\better-sqlite3@12.6.0\node_modules\better-sqlite3\addon-build\default\install-root\better_sqlite3.node
 → B:\Projects\Portfolio\node_modules\.pnpm\better-sqlite3@12.6.0\node_modules\better-sqlite3\lib\binding\node-v115-win32-x64\better_sqlite3.node
Initializing database at: B:\Projects\Portfolio\messages.db
Database initialized successfully.
Table "messages" is ready.
